"C:/Users/brian/OneDrive/Unreal/ProgrammingTest/DigitalMindSoft/Content/Geometry/Meshes/CubeMaterial.uasset" 0
"C:/Users/brian/OneDrive/Unreal/ProgrammingTest/DigitalMindSoft/Content/Geometry/Meshes/CubeMaterial.uexp" 1
"C:/Users/brian/OneDrive/Unreal/ProgrammingTest/DigitalMindSoft/Content/Geometry/Meshes/1M_Cube.uasset" 2
"C:/Users/brian/OneDrive/Unreal/ProgrammingTest/DigitalMindSoft/Content/Geometry/Meshes/1M_Cube.uexp" 3
"C:/Users/brian/OneDrive/Unreal/ProgrammingTest/DigitalMindSoft/Content/Geometry/Meshes/1M_Cube_Chamfer.uasset" 4
"C:/Users/brian/OneDrive/Unreal/ProgrammingTest/DigitalMindSoft/Content/Geometry/Meshes/1M_Cube_Chamfer.uexp" 5
"C:/Users/brian/OneDrive/Unreal/ProgrammingTest/DigitalMindSoft/Content/Geometry/Meshes/TemplateFloor.uasset" 6
"C:/Users/brian/OneDrive/Unreal/ProgrammingTest/DigitalMindSoft/Content/Geometry/Meshes/TemplateFloor.uexp" 7
"C:/Users/brian/OneDrive/Unreal/ProgrammingTest/DigitalMindSoft/Content/Textures/LowfuelIndicator.uasset" 8
"C:/Users/brian/OneDrive/Unreal/ProgrammingTest/DigitalMindSoft/Content/Textures/LowfuelIndicator.uexp" 9
"C:/Users/brian/OneDrive/Unreal/ProgrammingTest/DigitalMindSoft/Content/VehicleAdv/ArenaMesh/CubeMaterial.uasset" 10
"C:/Users/brian/OneDrive/Unreal/ProgrammingTest/DigitalMindSoft/Content/VehicleAdv/ArenaMesh/CubeMaterial.uexp" 11
"../../../Engine/Content/EngineMaterials/Grid.uasset" 12
"../../../Engine/Content/EngineMaterials/Grid.uexp" 13
"../../../Engine/Content/EngineMaterials/Grid.ubulk" 14
"C:/Users/brian/OneDrive/Unreal/ProgrammingTest/DigitalMindSoft/Content/VehicleAdv/Materials/MasterGrid.uasset" 15
"C:/Users/brian/OneDrive/Unreal/ProgrammingTest/DigitalMindSoft/Content/VehicleAdv/Materials/MasterGrid.uexp" 16
"C:/Users/brian/OneDrive/Unreal/ProgrammingTest/DigitalMindSoft/Content/VehicleAdv/Materials/MaterialInstances/RedGrid.uasset" 17
"C:/Users/brian/OneDrive/Unreal/ProgrammingTest/DigitalMindSoft/Content/VehicleAdv/Materials/MaterialInstances/RedGrid.uexp" 18
"C:/Users/brian/OneDrive/Unreal/ProgrammingTest/DigitalMindSoft/Content/VehicleAdv/ArenaMesh/pole.uasset" 19
"C:/Users/brian/OneDrive/Unreal/ProgrammingTest/DigitalMindSoft/Content/VehicleAdv/ArenaMesh/pole.uexp" 20
"C:/Users/brian/OneDrive/Unreal/ProgrammingTest/DigitalMindSoft/Content/VehicleAdv/Materials/MasterSolidColor.uasset" 21
"C:/Users/brian/OneDrive/Unreal/ProgrammingTest/DigitalMindSoft/Content/VehicleAdv/Materials/MasterSolidColor.uexp" 22
"C:/Users/brian/OneDrive/Unreal/ProgrammingTest/DigitalMindSoft/Content/VehicleAdv/Materials/MaterialInstances/SolidOrange.uasset" 23
"C:/Users/brian/OneDrive/Unreal/ProgrammingTest/DigitalMindSoft/Content/VehicleAdv/Materials/MaterialInstances/SolidOrange.uexp" 24
"C:/Users/brian/OneDrive/Unreal/ProgrammingTest/DigitalMindSoft/Content/VehicleAdv/ArenaMesh/RampTwist.uasset" 25
"C:/Users/brian/OneDrive/Unreal/ProgrammingTest/DigitalMindSoft/Content/VehicleAdv/ArenaMesh/RampTwist.uexp" 26
"../../../Engine/Content/EngineMaterials/T_Default_Material_Grid_N.uasset" 27
"../../../Engine/Content/EngineMaterials/T_Default_Material_Grid_N.uexp" 28
"../../../Engine/Content/EngineMaterials/T_Default_Material_Grid_N.ubulk" 29
"../../../Engine/Content/EngineMaterials/T_Default_Material_Grid_M.uasset" 30
"../../../Engine/Content/EngineMaterials/T_Default_Material_Grid_M.uexp" 31
"../../../Engine/Content/EngineMaterials/T_Default_Material_Grid_M.ubulk" 32
"../../../Engine/Content/Functions/Engine_MaterialFunctions01/Opacity/CameraDepthFade.uasset" 33
"../../../Engine/Content/Functions/Engine_MaterialFunctions01/Opacity/CameraDepthFade.uexp" 34
"../../../Engine/Content/EngineMaterials/WorldGridMaterial.uasset" 35
"../../../Engine/Content/EngineMaterials/WorldGridMaterial.uexp" 36
"C:/Users/brian/OneDrive/Unreal/ProgrammingTest/DigitalMindSoft/Content/VehicleAdv/ArenaMesh/RoadSegment_01.uasset" 37
"C:/Users/brian/OneDrive/Unreal/ProgrammingTest/DigitalMindSoft/Content/VehicleAdv/ArenaMesh/RoadSegment_01.uexp" 38
"C:/Users/brian/OneDrive/Unreal/ProgrammingTest/DigitalMindSoft/Content/VehicleAdv/Materials/M_Fueltank.uasset" 39
"C:/Users/brian/OneDrive/Unreal/ProgrammingTest/DigitalMindSoft/Content/VehicleAdv/Materials/M_Fueltank.uexp" 40
"C:/Users/brian/OneDrive/Unreal/ProgrammingTest/DigitalMindSoft/Content/VehicleAdv/Sound/Engine_att.uasset" 41
"C:/Users/brian/OneDrive/Unreal/ProgrammingTest/DigitalMindSoft/Content/VehicleAdv/Sound/Engine_att.uexp" 42
"C:/Users/brian/OneDrive/Unreal/ProgrammingTest/DigitalMindSoft/Content/VehicleAdv/Sound/Engine_Loop_Cue.uasset" 43
"C:/Users/brian/OneDrive/Unreal/ProgrammingTest/DigitalMindSoft/Content/VehicleAdv/Sound/Engine_Loop_Cue.uexp" 44
"C:/Users/brian/OneDrive/Unreal/ProgrammingTest/DigitalMindSoft/Content/VehicleAdv/Sound/Engine_Speed_01_Loop.uasset" 45
"C:/Users/brian/OneDrive/Unreal/ProgrammingTest/DigitalMindSoft/Content/VehicleAdv/Sound/Engine_Speed_01_Loop.uexp" 46
"C:/Users/brian/OneDrive/Unreal/ProgrammingTest/DigitalMindSoft/Content/VehicleAdv/Sound/Engine_Speed_02_Loop.uasset" 47
"C:/Users/brian/OneDrive/Unreal/ProgrammingTest/DigitalMindSoft/Content/VehicleAdv/Sound/Engine_Speed_02_Loop.uexp" 48
"C:/Users/brian/OneDrive/Unreal/ProgrammingTest/DigitalMindSoft/Content/VehicleAdv/Sound/Engine_Speed_03_Loop.uasset" 49
"C:/Users/brian/OneDrive/Unreal/ProgrammingTest/DigitalMindSoft/Content/VehicleAdv/Sound/Engine_Speed_03_Loop.uexp" 50
"C:/Users/brian/OneDrive/Unreal/ProgrammingTest/DigitalMindSoft/Content/VehicleAdv/Sound/Engine_Speed_04_Loop.uasset" 51
"C:/Users/brian/OneDrive/Unreal/ProgrammingTest/DigitalMindSoft/Content/VehicleAdv/Sound/Engine_Speed_04_Loop.uexp" 52
"C:/Users/brian/OneDrive/Unreal/ProgrammingTest/DigitalMindSoft/Content/VehicleAdv/Sound/Engine_Speed_05_Loop.uasset" 53
"C:/Users/brian/OneDrive/Unreal/ProgrammingTest/DigitalMindSoft/Content/VehicleAdv/Sound/Engine_Speed_05_Loop.uexp" 54
"C:/Users/brian/OneDrive/Unreal/ProgrammingTest/DigitalMindSoft/Content/VehicleAdv/Sound/Engine_Speed_06_Loop.uasset" 55
"C:/Users/brian/OneDrive/Unreal/ProgrammingTest/DigitalMindSoft/Content/VehicleAdv/Sound/Engine_Speed_06_Loop.uexp" 56
"C:/Users/brian/OneDrive/Unreal/ProgrammingTest/DigitalMindSoft/Content/VehicleAdv/Textures/VehicleJoystick_BackgroundL.uasset" 57
"C:/Users/brian/OneDrive/Unreal/ProgrammingTest/DigitalMindSoft/Content/VehicleAdv/Textures/VehicleJoystick_BackgroundL.uexp" 58
"C:/Users/brian/OneDrive/Unreal/ProgrammingTest/DigitalMindSoft/Content/VehicleAdv/Textures/VehicleJoystick_BackgroundR.uasset" 59
"C:/Users/brian/OneDrive/Unreal/ProgrammingTest/DigitalMindSoft/Content/VehicleAdv/Textures/VehicleJoystick_BackgroundR.uexp" 60
"../../../Engine/Content/MobileResources/HUD/VirtualJoystick_Thumb.uasset" 61
"../../../Engine/Content/MobileResources/HUD/VirtualJoystick_Thumb.uexp" 62
"../../../Engine/Content/MobileResources/HUD/VirtualJoystick_Background.uasset" 63
"../../../Engine/Content/MobileResources/HUD/VirtualJoystick_Background.uexp" 64
"C:/Users/brian/OneDrive/Unreal/ProgrammingTest/DigitalMindSoft/Content/VehicleAdv/Vehicle/LeftVirtualJoystickOnly.uasset" 65
"C:/Users/brian/OneDrive/Unreal/ProgrammingTest/DigitalMindSoft/Content/VehicleAdv/Vehicle/LeftVirtualJoystickOnly.uexp" 66
"C:/Users/brian/OneDrive/Unreal/ProgrammingTest/DigitalMindSoft/Content/VehicleAdv/Vehicle/VehicleSkeleton.uasset" 67
"C:/Users/brian/OneDrive/Unreal/ProgrammingTest/DigitalMindSoft/Content/VehicleAdv/Vehicle/VehicleSkeleton.uexp" 68
"C:/Users/brian/OneDrive/Unreal/ProgrammingTest/DigitalMindSoft/Content/VehicleAdv/Vehicle/VehicleAnimationBlueprint.uasset" 69
"C:/Users/brian/OneDrive/Unreal/ProgrammingTest/DigitalMindSoft/Content/VehicleAdv/Vehicle/VehicleAnimationBlueprint.uexp" 70
"C:/Users/brian/OneDrive/Unreal/ProgrammingTest/DigitalMindSoft/Content/VehicleAdv/Vehicle/VehicleBodyCollision.uasset" 71
"C:/Users/brian/OneDrive/Unreal/ProgrammingTest/DigitalMindSoft/Content/VehicleAdv/Vehicle/VehicleBodyCollision.uexp" 72
"C:/Users/brian/OneDrive/Unreal/ProgrammingTest/DigitalMindSoft/Content/VehicleAdv/PhysicsMaterials/Slippery.uasset" 73
"C:/Users/brian/OneDrive/Unreal/ProgrammingTest/DigitalMindSoft/Content/VehicleAdv/PhysicsMaterials/Slippery.uexp" 74
"C:/Users/brian/OneDrive/Unreal/ProgrammingTest/DigitalMindSoft/Content/VehicleAdv/Vehicle/VehiclePhysicsAsset.uasset" 75
"C:/Users/brian/OneDrive/Unreal/ProgrammingTest/DigitalMindSoft/Content/VehicleAdv/Vehicle/VehiclePhysicsAsset.uexp" 76
"C:/Users/brian/OneDrive/Unreal/ProgrammingTest/DigitalMindSoft/Content/VehicleAdv/Materials/Fixed_Template_Master.uasset" 77
"C:/Users/brian/OneDrive/Unreal/ProgrammingTest/DigitalMindSoft/Content/VehicleAdv/Materials/Fixed_Template_Master.uexp" 78
"C:/Users/brian/OneDrive/Unreal/ProgrammingTest/DigitalMindSoft/Content/VehicleAdv/Materials/MaterialInstances/Template_BaseBlue.uasset" 79
"C:/Users/brian/OneDrive/Unreal/ProgrammingTest/DigitalMindSoft/Content/VehicleAdv/Materials/MaterialInstances/Template_BaseBlue.uexp" 80
"C:/Users/brian/OneDrive/Unreal/ProgrammingTest/DigitalMindSoft/Content/VehicleAdv/Vehicle/Vehicle_SkelMesh.uasset" 81
"C:/Users/brian/OneDrive/Unreal/ProgrammingTest/DigitalMindSoft/Content/VehicleAdv/Vehicle/Vehicle_SkelMesh.uexp" 82
"C:/Users/brian/OneDrive/Unreal/ProgrammingTest/DigitalMindSoft/Content/VehicleAdv/PhysicsMaterials/NonSlippery.uasset" 83
"C:/Users/brian/OneDrive/Unreal/ProgrammingTest/DigitalMindSoft/Content/VehicleAdv/PhysicsMaterials/NonSlippery.uexp" 84
"C:/Users/brian/OneDrive/Unreal/ProgrammingTest/DigitalMindSoft/Content/VehicleAdv/Vehicle/WheelData/Vehicle_BackTireConfig.uasset" 85
"C:/Users/brian/OneDrive/Unreal/ProgrammingTest/DigitalMindSoft/Content/VehicleAdv/Vehicle/WheelData/Vehicle_BackTireConfig.uexp" 86
"C:/Users/brian/OneDrive/Unreal/ProgrammingTest/DigitalMindSoft/Content/VehicleAdv/Vehicle/WheelData/Vehicle_FrontTireConfig.uasset" 87
"C:/Users/brian/OneDrive/Unreal/ProgrammingTest/DigitalMindSoft/Content/VehicleAdv/Vehicle/WheelData/Vehicle_FrontTireConfig.uexp" 88
"../../../Engine/Content/ArtTools/RenderToTexture/Meshes/S_1_Unit_Plane.uasset" 89
"../../../Engine/Content/ArtTools/RenderToTexture/Meshes/S_1_Unit_Plane.uexp" 90
"../../../Engine/Content/EngineMaterials/DefaultMaterial.uasset" 91
"../../../Engine/Content/EngineMaterials/DefaultMaterial.uexp" 92
"../../../Engine/Content/BasicShapes/Cone.uasset" 93
"../../../Engine/Content/BasicShapes/Cone.uexp" 94
"../../../Engine/Content/BasicShapes/Cube.uasset" 95
"../../../Engine/Content/BasicShapes/Cube.uexp" 96
"../../../Engine/Content/BasicShapes/Plane.uasset" 97
"../../../Engine/Content/BasicShapes/Plane.uexp" 98
"../../../Engine/Content/BasicShapes/Sphere.uasset" 99
"../../../Engine/Content/BasicShapes/Sphere.uexp" 100
"../../../Engine/Content/EditorLandscapeResources/DataLayer.uasset" 101
"../../../Engine/Content/EditorLandscapeResources/DataLayer.uexp" 102
"../../../Engine/Content/EditorLandscapeResources/DefaultAlphaTexture.uasset" 103
"../../../Engine/Content/EditorLandscapeResources/DefaultAlphaTexture.uexp" 104
"../../../Engine/Content/EditorMaterials/MAT_Groups_Toggle.uasset" 105
"../../../Engine/Content/EditorMaterials/MAT_Groups_Toggle.uexp" 106
"../../../Engine/Content/EditorMaterials/MAT_Groups_Visibility.uasset" 107
"../../../Engine/Content/EditorMaterials/MAT_Groups_Visibility.uexp" 108
"../../../Engine/Content/EditorMaterials/PreviewShadowIndicator.uasset" 109
"../../../Engine/Content/EditorMaterials/PreviewShadowIndicator.uexp" 110
"../../../Engine/Content/EditorMaterials/PreviewShadowIndicator.ubulk" 111
"../../../Engine/Content/EditorMaterials/PreviewShadowIndicatorMaterial.uasset" 112
"../../../Engine/Content/EditorMaterials/PreviewShadowIndicatorMaterial.uexp" 113
"../../../Engine/Content/EditorMaterials/MatineeGroups/MAT_ColorTrack.uasset" 114
"../../../Engine/Content/EditorMaterials/MatineeGroups/MAT_ColorTrack.uexp" 115
"../../../Engine/Content/EditorMaterials/MatineeGroups/MAT_Groups_Anim.uasset" 116
"../../../Engine/Content/EditorMaterials/MatineeGroups/MAT_Groups_Anim.uexp" 117
"../../../Engine/Content/EditorMaterials/MatineeGroups/MAT_Groups_AudioMaster.uasset" 118
"../../../Engine/Content/EditorMaterials/MatineeGroups/MAT_Groups_AudioMaster.uexp" 119
"../../../Engine/Content/EditorMaterials/MatineeGroups/MAT_Groups_Director.uasset" 120
"../../../Engine/Content/EditorMaterials/MatineeGroups/MAT_Groups_Director.uexp" 121
"../../../Engine/Content/EditorMaterials/MatineeGroups/MAT_Groups_Event.uasset" 122
"../../../Engine/Content/EditorMaterials/MatineeGroups/MAT_Groups_Event.uexp" 123
"../../../Engine/Content/EditorMaterials/MatineeGroups/MAT_Groups_Fade.uasset" 124
"../../../Engine/Content/EditorMaterials/MatineeGroups/MAT_Groups_Fade.uexp" 125
"../../../Engine/Content/EditorMaterials/MatineeGroups/MAT_Groups_Float.uasset" 126
"../../../Engine/Content/EditorMaterials/MatineeGroups/MAT_Groups_Float.uexp" 127
"../../../Engine/Content/EditorMaterials/MatineeGroups/MAT_Groups_Move.uasset" 128
"../../../Engine/Content/EditorMaterials/MatineeGroups/MAT_Groups_Move.uexp" 129
"../../../Engine/Content/EditorMaterials/MatineeGroups/MAT_Groups_Slomo.uasset" 130
"../../../Engine/Content/EditorMaterials/MatineeGroups/MAT_Groups_Slomo.uexp" 131
"../../../Engine/Content/EditorMaterials/MatineeGroups/MAT_Groups_Sound.uasset" 132
"../../../Engine/Content/EditorMaterials/MatineeGroups/MAT_Groups_Sound.uexp" 133
"../../../Engine/Content/EditorMaterials/MatineeGroups/MAT_Groups_Vector.uasset" 134
"../../../Engine/Content/EditorMaterials/MatineeGroups/MAT_Groups_Vector.uexp" 135
"../../../Engine/Content/EditorMaterials/ParticleSystems/PSysThumbnail_NoImage.uasset" 136
"../../../Engine/Content/EditorMaterials/ParticleSystems/PSysThumbnail_NoImage.uexp" 137
"../../../Engine/Content/EditorMaterials/ParticleSystems/PSysThumbnail_NoImage.ubulk" 138
"../../../Engine/Content/EditorMaterials/ParticleSystems/PSysThumbnail_OOD.uasset" 139
"../../../Engine/Content/EditorMaterials/ParticleSystems/PSysThumbnail_OOD.uexp" 140
"../../../Engine/Content/EditorMaterials/ParticleSystems/PSysThumbnail_OOD.ubulk" 141
"../../../Engine/Content/EditorMaterials/Camera/CineMat.uasset" 142
"../../../Engine/Content/EditorMaterials/Camera/CineMat.uexp" 143
"../../../Engine/Content/EditorMaterials/Camera/MI_CineMat_Rig.uasset" 144
"../../../Engine/Content/EditorMaterials/Camera/MI_CineMat_Rig.uexp" 145
"../../../Engine/Content/EditorMeshes/Camera/SM_CraneRig_Arm.uasset" 146
"../../../Engine/Content/EditorMeshes/Camera/SM_CraneRig_Arm.uexp" 147
"../../../Engine/Content/EditorMeshes/Camera/SM_CraneRig_Base.uasset" 148
"../../../Engine/Content/EditorMeshes/Camera/SM_CraneRig_Base.uexp" 149
"../../../Engine/Content/EditorMeshes/Camera/SM_CraneRig_Body.uasset" 150
"../../../Engine/Content/EditorMeshes/Camera/SM_CraneRig_Body.uexp" 151
"../../../Engine/Content/EditorMeshes/Camera/SM_CraneRig_Mount.uasset" 152
"../../../Engine/Content/EditorMeshes/Camera/SM_CraneRig_Mount.uexp" 153
"../../../Engine/Content/EditorMeshes/Camera/SM_RailRig_Mount.uasset" 154
"../../../Engine/Content/EditorMeshes/Camera/SM_RailRig_Mount.uexp" 155
"../../../Engine/Content/EditorMeshes/Camera/SM_RailRig_Track.uasset" 156
"../../../Engine/Content/EditorMeshes/Camera/SM_RailRig_Track.uexp" 157
"../../../Engine/Content/EditorResources/BSPVertex.uasset" 158
"../../../Engine/Content/EditorResources/BSPVertex.uexp" 159
"../../../Engine/Content/EditorResources/EmptyActor.uasset" 160
"../../../Engine/Content/EditorResources/EmptyActor.uexp" 161
"../../../Engine/Content/EditorResources/S_Actor.uasset" 162
"../../../Engine/Content/EditorResources/S_Actor.uexp" 163
"../../../Engine/Content/EditorResources/S_Actor.ubulk" 164
"../../../Engine/Content/EditorResources/S_Note.uasset" 165
"../../../Engine/Content/EditorResources/S_Note.uexp" 166
"../../../Engine/Content/EditorResources/S_Note.ubulk" 167
"../../../Engine/Content/EditorResources/S_Solver.uasset" 168
"../../../Engine/Content/EditorResources/S_Solver.uexp" 169
"../../../Engine/Content/EditorResources/S_Solver.ubulk" 170
"../../../Engine/Content/EditorResources/S_Terrain.uasset" 171
"../../../Engine/Content/EditorResources/S_Terrain.uexp" 172
"../../../Engine/Content/EditorResources/S_Terrain.ubulk" 173
"../../../Engine/Content/EditorResources/S_Trigger.uasset" 174
"../../../Engine/Content/EditorResources/S_Trigger.uexp" 175
"../../../Engine/Content/EditorResources/S_Trigger.ubulk" 176
"../../../Engine/Content/EditorResources/AudioIcons/S_AudioComponent_AutoActivate.uasset" 177
"../../../Engine/Content/EditorResources/AudioIcons/S_AudioComponent_AutoActivate.uexp" 178
"../../../Engine/Content/EditorResources/AudioIcons/S_AudioComponent_AutoActivate.ubulk" 179
"../../../Engine/Content/EditorResources/LightIcons/S_LightError.uasset" 180
"../../../Engine/Content/EditorResources/LightIcons/S_LightError.uexp" 181
"../../../Engine/Content/EditorResources/SequenceRecorder/Countdown.uasset" 182
"../../../Engine/Content/EditorResources/SequenceRecorder/Countdown.uexp" 183
"../../../Engine/Content/EditorResources/SequenceRecorder/RecordingIndicator.uasset" 184
"../../../Engine/Content/EditorResources/SequenceRecorder/RecordingIndicator.uexp" 185
"../../../Engine/Content/EngineDamageTypes/DmgTypeBP_Environmental.uasset" 186
"../../../Engine/Content/EngineDamageTypes/DmgTypeBP_Environmental.uexp" 187
"../../../Engine/Content/EngineDebugMaterials/DebugEditorMaterial.uasset" 188
"../../../Engine/Content/EngineDebugMaterials/DebugEditorMaterial.uexp" 189
"../../../Engine/Content/EngineDebugMaterials/DebugMeshMaterial.uasset" 190
"../../../Engine/Content/EngineDebugMaterials/DebugMeshMaterial.uexp" 191
"../../../Engine/Content/EngineDebugMaterials/M_SimpleUnlitTranslucent.uasset" 192
"../../../Engine/Content/EngineDebugMaterials/M_SimpleUnlitTranslucent.uexp" 193
"../../../Engine/Content/EngineDebugMaterials/VolumeToRender.uasset" 194
"../../../Engine/Content/EngineDebugMaterials/VolumeToRender.uexp" 195
"../../../Engine/Content/Functions/Engine_MaterialFunctions02/Utility/CameraDirectionVector.uasset" 196
"../../../Engine/Content/Functions/Engine_MaterialFunctions02/Utility/CameraDirectionVector.uexp" 197
"../../../Engine/Content/EngineDebugMaterials/M_VolumeRenderSphereTracePP.uasset" 198
"../../../Engine/Content/EngineDebugMaterials/M_VolumeRenderSphereTracePP.uexp" 199
"../../../Engine/Content/Functions/Engine_MaterialFunctions01/Shading/ConvertFromDiffSpec.uasset" 200
"../../../Engine/Content/Functions/Engine_MaterialFunctions01/Shading/ConvertFromDiffSpec.uexp" 201
"../../../Engine/Content/EngineDebugMaterials/VertexColorMaterial.uasset" 202
"../../../Engine/Content/EngineDebugMaterials/VertexColorMaterial.uexp" 203
"../../../Engine/Content/EngineDebugMaterials/WireframeMaterial.uasset" 204
"../../../Engine/Content/EngineDebugMaterials/WireframeMaterial.uexp" 205
"../../../Engine/Content/EngineFonts/Faces/RobotoRegular.uasset" 206
"../../../Engine/Content/EngineFonts/Faces/RobotoRegular.uexp" 207
"../../../Engine/Content/EngineFonts/Faces/RobotoRegular.ufont" 208
"../../../Engine/Content/EngineFonts/Faces/RobotoLight.uasset" 209
"../../../Engine/Content/EngineFonts/Faces/RobotoLight.uexp" 210
"../../../Engine/Content/EngineFonts/Faces/RobotoLight.ufont" 211
"../../../Engine/Content/EngineFonts/Faces/RobotoItalic.uasset" 212
"../../../Engine/Content/EngineFonts/Faces/RobotoItalic.uexp" 213
"../../../Engine/Content/EngineFonts/Faces/RobotoItalic.ufont" 214
"../../../Engine/Content/EngineFonts/Faces/RobotoBoldItalic.uasset" 215
"../../../Engine/Content/EngineFonts/Faces/RobotoBoldItalic.uexp" 216
"../../../Engine/Content/EngineFonts/Faces/RobotoBoldItalic.ufont" 217
"../../../Engine/Content/EngineFonts/Faces/RobotoBold.uasset" 218
"../../../Engine/Content/EngineFonts/Faces/RobotoBold.uexp" 219
"../../../Engine/Content/EngineFonts/Faces/RobotoBold.ufont" 220
"../../../Engine/Content/EngineFonts/Faces/DroidSansFallback.uasset" 221
"../../../Engine/Content/EngineFonts/Faces/DroidSansFallback.uexp" 222
"../../../Engine/Content/EngineFonts/Faces/DroidSansFallback.ufont" 223
"../../../Engine/Content/EngineFonts/Roboto.uasset" 224
"../../../Engine/Content/EngineFonts/Roboto.uexp" 225
"../../../Engine/Content/EngineMaterials/BaseFlattenNormalMap.uasset" 226
"../../../Engine/Content/EngineMaterials/BaseFlattenNormalMap.uexp" 227
"../../../Engine/Content/EngineMaterials/BaseFlattenGrayscaleMap.uasset" 228
"../../../Engine/Content/EngineMaterials/BaseFlattenGrayscaleMap.uexp" 229
"../../../Engine/Content/EngineMaterials/BaseFlattenEmissiveMap.uasset" 230
"../../../Engine/Content/EngineMaterials/BaseFlattenEmissiveMap.uexp" 231
"../../../Engine/Content/EngineMaterials/BaseFlattenDiffuseMap.uasset" 232
"../../../Engine/Content/EngineMaterials/BaseFlattenDiffuseMap.uexp" 233
"../../../Engine/Content/EngineMaterials/BaseFlattenMaterial.uasset" 234
"../../../Engine/Content/EngineMaterials/BaseFlattenMaterial.uexp" 235
"../../../Engine/Content/EngineMaterials/BlueNoise.uasset" 236
"../../../Engine/Content/EngineMaterials/BlueNoise.uexp" 237
"../../../Engine/Content/EngineMaterials/DefaultBloomKernel.uasset" 238
"../../../Engine/Content/EngineMaterials/DefaultBloomKernel.uexp" 239
"../../../Engine/Content/EngineMaterials/DefaultBokeh.uasset" 240
"../../../Engine/Content/EngineMaterials/DefaultBokeh.uexp" 241
"../../../Engine/Content/EngineMaterials/DefaultDiffuse.uasset" 242
"../../../Engine/Content/EngineMaterials/DefaultDiffuse.uexp" 243
"../../../Engine/Content/EngineMaterials/DefaultDiffuse.ubulk" 244
"../../../Engine/Content/EngineMaterials/DefaultDeferredDecalMaterial.uasset" 245
"../../../Engine/Content/EngineMaterials/DefaultDeferredDecalMaterial.uexp" 246
"../../../Engine/Content/EngineMaterials/DefaultLightFunctionMaterial.uasset" 247
"../../../Engine/Content/EngineMaterials/DefaultLightFunctionMaterial.uexp" 248
"../../../Engine/Content/EngineMaterials/DefaultPhysicalMaterial.uasset" 249
"../../../Engine/Content/EngineMaterials/DefaultPhysicalMaterial.uexp" 250
"../../../Engine/Content/Functions/Engine_MaterialFunctions02/Utility/BreakOutFloat2Components.uasset" 251
"../../../Engine/Content/Functions/Engine_MaterialFunctions02/Utility/BreakOutFloat2Components.uexp" 252
"../../../Engine/Content/EngineMaterials/DefaultPostProcessMaterial.uasset" 253
"../../../Engine/Content/EngineMaterials/DefaultPostProcessMaterial.uexp" 254
"../../../Engine/Content/EngineFonts/RobotoDistanceField.uasset" 255
"../../../Engine/Content/EngineFonts/RobotoDistanceField.uexp" 256
"../../../Engine/Content/EngineMaterials/DefaultTextMaterialOpaque.uasset" 257
"../../../Engine/Content/EngineMaterials/DefaultTextMaterialOpaque.uexp" 258
"../../../Engine/Content/EngineMaterials/DefaultWhiteGrid.uasset" 259
"../../../Engine/Content/EngineMaterials/DefaultWhiteGrid.uexp" 260
"../../../Engine/Content/EngineMaterials/DefaultWhiteGrid.ubulk" 261
"../../../Engine/Content/EngineMaterials/DefaultWhiteGrid_Low.uasset" 262
"../../../Engine/Content/EngineMaterials/DefaultWhiteGrid_Low.uexp" 263
"../../../Engine/Content/EngineMaterials/EmissiveMeshMaterial.uasset" 264
"../../../Engine/Content/EngineMaterials/EmissiveMeshMaterial.uexp" 265
"../../../Engine/Content/EngineMaterials/GizmoMaterial.uasset" 266
"../../../Engine/Content/EngineMaterials/GizmoMaterial.uexp" 267
"../../../Engine/Content/EngineMaterials/Good64x64TilingNoiseHighFreq.uasset" 268
"../../../Engine/Content/EngineMaterials/Good64x64TilingNoiseHighFreq.uexp" 269
"../../../Engine/Content/EngineMaterials/MiniFont.uasset" 270
"../../../Engine/Content/EngineMaterials/MiniFont.uexp" 271
"../../../Engine/Content/EngineMaterials/InvalidLightmapSettings.uasset" 272
"../../../Engine/Content/EngineMaterials/InvalidLightmapSettings.uexp" 273
"../../../Engine/Content/EngineMaterials/InvalidLightmapSettings.ubulk" 274
"../../../Engine/Content/EngineMaterials/M_InvalidLightmapSettings.uasset" 275
"../../../Engine/Content/EngineMaterials/M_InvalidLightmapSettings.uexp" 276
"../../../Engine/Content/Functions/Engine_MaterialFunctions02/WorldPositionOffset/CameraOffset.uasset" 277
"../../../Engine/Content/Functions/Engine_MaterialFunctions02/WorldPositionOffset/CameraOffset.uexp" 278
"../../../Engine/Content/EngineMaterials/PhAT_JointLimitMaterial.uasset" 279
"../../../Engine/Content/EngineMaterials/PhAT_JointLimitMaterial.uexp" 280
"../../../Engine/Content/EngineMaterials/DefaultCalibrationColor.uasset" 281
"../../../Engine/Content/EngineMaterials/DefaultCalibrationColor.uexp" 282
"../../../Engine/Content/EngineMaterials/PPM_DefaultCalibrationColor.uasset" 283
"../../../Engine/Content/EngineMaterials/PPM_DefaultCalibrationColor.uexp" 284
"../../../Engine/Content/EngineMaterials/DefaultCalibrationGrayscale.uasset" 285
"../../../Engine/Content/EngineMaterials/DefaultCalibrationGrayscale.uexp" 286
"../../../Engine/Content/EngineMaterials/PPM_DefaultCalibrationGrayscale.uasset" 287
"../../../Engine/Content/EngineMaterials/PPM_DefaultCalibrationGrayscale.uexp" 288
"../../../Engine/Content/EngineMaterials/PreintegratedSkinBRDF.uasset" 289
"../../../Engine/Content/EngineMaterials/PreintegratedSkinBRDF.uexp" 290
"../../../Engine/Content/EngineMaterials/RemoveSurfaceMaterial.uasset" 291
"../../../Engine/Content/EngineMaterials/RemoveSurfaceMaterial.uexp" 292
"../../../Engine/Content/EngineResources/WhiteSquareTexture.uasset" 293
"../../../Engine/Content/EngineResources/WhiteSquareTexture.uexp" 294
"../../../Engine/Content/EngineMaterials/Widget3DPassThrough.uasset" 295
"../../../Engine/Content/EngineMaterials/Widget3DPassThrough.uexp" 296
"../../../Engine/Content/EngineMaterials/Widget3DPassThrough_Masked.uasset" 297
"../../../Engine/Content/EngineMaterials/Widget3DPassThrough_Masked.uexp" 298
"../../../Engine/Content/EngineMaterials/Widget3DPassThrough_Opaque.uasset" 299
"../../../Engine/Content/EngineMaterials/Widget3DPassThrough_Opaque.uexp" 300
"../../../Engine/Content/EngineMaterials/Widget3DPassThrough_Masked_OneSided.uasset" 301
"../../../Engine/Content/EngineMaterials/Widget3DPassThrough_Masked_OneSided.uexp" 302
"../../../Engine/Content/EngineMaterials/Widget3DPassThrough_Opaque_OneSided.uasset" 303
"../../../Engine/Content/EngineMaterials/Widget3DPassThrough_Opaque_OneSided.uexp" 304
"../../../Engine/Content/EngineMaterials/Widget3DPassThrough_Translucent.uasset" 305
"../../../Engine/Content/EngineMaterials/Widget3DPassThrough_Translucent.uexp" 306
"../../../Engine/Content/EngineMaterials/Widget3DPassThrough_Translucent_OneSided.uasset" 307
"../../../Engine/Content/EngineMaterials/Widget3DPassThrough_Translucent_OneSided.uexp" 308
"../../../Engine/Content/EngineMeshes/Cylinder.uasset" 309
"../../../Engine/Content/EngineMeshes/Cylinder.uexp" 310
"../../../Engine/Content/EngineMeshes/Sphere.uasset" 311
"../../../Engine/Content/EngineMeshes/Sphere.uexp" 312
"../../../Engine/Content/EngineResources/DefaultTexture.uasset" 313
"../../../Engine/Content/EngineResources/DefaultTexture.uexp" 314
"../../../Engine/Content/EngineResources/DefaultTexture.ubulk" 315
"../../../Engine/Content/EngineResources/DefaultTextureCube.uasset" 316
"../../../Engine/Content/EngineResources/DefaultTextureCube.uexp" 317
"../../../Engine/Content/EngineResources/DefaultVolumeTexture2D.uasset" 318
"../../../Engine/Content/EngineResources/DefaultVolumeTexture2D.uexp" 319
"../../../Engine/Content/EngineResources/DefaultVolumeTexture.uasset" 320
"../../../Engine/Content/EngineResources/DefaultVolumeTexture.uexp" 321
"../../../Engine/Content/EngineResources/GradientTexture0.uasset" 322
"../../../Engine/Content/EngineResources/GradientTexture0.uexp" 323
"../../../Engine/Content/EngineSky/VolumetricClouds/CloudGradientTexture.uasset" 324
"../../../Engine/Content/EngineSky/VolumetricClouds/CloudGradientTexture.uexp" 325
"../../../Engine/Content/EngineSky/VolumetricClouds/T_NoiseShape64.uasset" 326
"../../../Engine/Content/EngineSky/VolumetricClouds/T_NoiseShape64.uexp" 327
"../../../Engine/Content/EngineSky/VolumetricClouds/T_NoiseShape64.ubulk" 328
"../../../Engine/Content/EngineSky/VolumetricClouds/T_VolumeNoiseShape64.uasset" 329
"../../../Engine/Content/EngineSky/VolumetricClouds/T_VolumeNoiseShape64.uexp" 330
"../../../Engine/Content/EngineSky/VolumetricClouds/T_NoiseErosion.uasset" 331
"../../../Engine/Content/EngineSky/VolumetricClouds/T_NoiseErosion.uexp" 332
"../../../Engine/Content/EngineSky/VolumetricClouds/T_NoiseErosion.ubulk" 333
"../../../Engine/Content/EngineSky/VolumetricClouds/T_VolumeNoiseErosion32.uasset" 334
"../../../Engine/Content/EngineSky/VolumetricClouds/T_VolumeNoiseErosion32.uexp" 335
"../../../Engine/Content/EngineSky/VolumetricClouds/CloudWeatherTexture.uasset" 336
"../../../Engine/Content/EngineSky/VolumetricClouds/CloudWeatherTexture.uexp" 337
"../../../Engine/Content/Functions/Engine_MaterialFunctions02/Utility/MakeFloat2.uasset" 338
"../../../Engine/Content/Functions/Engine_MaterialFunctions02/Utility/MakeFloat2.uexp" 339
"../../../Engine/Content/EngineSky/VolumetricClouds/m_SimpleVolumetricCloud.uasset" 340
"../../../Engine/Content/EngineSky/VolumetricClouds/m_SimpleVolumetricCloud.uexp" 341
"../../../Engine/Content/EngineSky/VolumetricClouds/m_SimpleVolumetricCloud_Inst.uasset" 342
"../../../Engine/Content/EngineSky/VolumetricClouds/m_SimpleVolumetricCloud_Inst.uexp" 343
"../../../Engine/Content/EngineSounds/Master.uasset" 344
"../../../Engine/Content/EngineSounds/Master.uexp" 345
"../../../Engine/Content/Functions/Engine_MaterialFunctions01/Shading/PowerToRoughness.uasset" 346
"../../../Engine/Content/Functions/Engine_MaterialFunctions01/Shading/PowerToRoughness.uexp" 347
"../../../Engine/Content/Maps/Templates/Thumbnails/Default.uasset" 348
"../../../Engine/Content/Maps/Templates/Thumbnails/Default.uexp" 349
"../../../Engine/Content/Maps/Templates/Thumbnails/TimeOfDay.uasset" 350
"../../../Engine/Content/Maps/Templates/Thumbnails/TimeOfDay.uexp" 351
"../../../Engine/Content/Maps/Templates/Thumbnails/VR-Basic.uasset" 352
"../../../Engine/Content/Maps/Templates/Thumbnails/VR-Basic.uexp" 353
"../../../Engine/Content/MobileResources/T_MobileControls_texture.uasset" 354
"../../../Engine/Content/MobileResources/T_MobileControls_texture.uexp" 355
"../../../Engine/Content/MobileResources/T_MobileMenu2.uasset" 356
"../../../Engine/Content/MobileResources/T_MobileMenu2.uexp" 357
"../../../Engine/Content/MobileResources/HUD/AnalogHat.uasset" 358
"../../../Engine/Content/MobileResources/HUD/AnalogHat.uexp" 359
"../../../Engine/Content/MobileResources/HUD/DefaultVirtualJoysticks.uasset" 360
"../../../Engine/Content/MobileResources/HUD/DefaultVirtualJoysticks.uexp" 361
"../../../Engine/Content/MobileResources/HUD/LeftVirtualJoystickOnly.uasset" 362
"../../../Engine/Content/MobileResources/HUD/LeftVirtualJoystickOnly.uexp" 363
"../../../Engine/Content/MobileResources/HUD/MobileHUDButton1_off.uasset" 364
"../../../Engine/Content/MobileResources/HUD/MobileHUDButton1_off.uexp" 365
"../../../Engine/Content/MobileResources/HUD/MobileHUDButton1_on.uasset" 366
"../../../Engine/Content/MobileResources/HUD/MobileHUDButton1_on.uexp" 367
"../../../Engine/Content/MobileResources/HUD/MobileHUDButton2_off.uasset" 368
"../../../Engine/Content/MobileResources/HUD/MobileHUDButton2_off.uexp" 369
"../../../Engine/Content/MobileResources/HUD/MobileHUDButton2_on.uasset" 370
"../../../Engine/Content/MobileResources/HUD/MobileHUDButton2_on.uexp" 371
"../../../Engine/Content/MobileResources/HUD/MobileHUDButton3.uasset" 372
"../../../Engine/Content/MobileResources/HUD/MobileHUDButton3.uexp" 373
"../../../Engine/Content/MobileResources/HUD/MobileHUDButtonFire.uasset" 374
"../../../Engine/Content/MobileResources/HUD/MobileHUDButtonFire.uexp" 375
"../../../Engine/Content/MobileResources/HUD/MobileHUDDirectionPad.uasset" 376
"../../../Engine/Content/MobileResources/HUD/MobileHUDDirectionPad.uexp" 377
"../../../Engine/Content/MobileResources/HUD/MobileHUDDirectionPad2.uasset" 378
"../../../Engine/Content/MobileResources/HUD/MobileHUDDirectionPad2.uexp" 379
"../../../Engine/Content/MobileResources/HUD/MobileHUDDirectionPad3.uasset" 380
"../../../Engine/Content/MobileResources/HUD/MobileHUDDirectionPad3.uexp" 381
"../../../Engine/Content/MobileResources/HUD/MobileHUDDirectionStick.uasset" 382
"../../../Engine/Content/MobileResources/HUD/MobileHUDDirectionStick.uexp" 383
"../../../Engine/Content/MobileResources/HUD/T_Castle_ThumbstickInner.uasset" 384
"../../../Engine/Content/MobileResources/HUD/T_Castle_ThumbstickInner.uexp" 385
"../../../Engine/Content/MobileResources/HUD/T_Castle_ThumbstickOutter.uasset" 386
"../../../Engine/Content/MobileResources/HUD/T_Castle_ThumbstickOutter.uexp" 387
"../../../Engine/Content/Tutorial/ContentIntroCurve.uasset" 388
"../../../Engine/Content/Tutorial/ContentIntroCurve.uexp" 389
"../../../Engine/Content/VREditor/TransformGizmo/TranslucentTransformGizmoMaterial.uasset" 390
"../../../Engine/Content/VREditor/TransformGizmo/TranslucentTransformGizmoMaterial.uexp" 391
"../../../Engine/Content/VREditor/LaserPointer/VR_LaserPower_01.uasset" 392
"../../../Engine/Content/VREditor/LaserPointer/VR_LaserPower_01.uexp" 393
"../../../Engine/Content/VREditor/LaserPointer/VR_LaserPower_01.ubulk" 394
"../../../Engine/Content/VREditor/TransformGizmo/TransformGizmoMaterial.uasset" 395
"../../../Engine/Content/VREditor/TransformGizmo/TransformGizmoMaterial.uexp" 396
"../../../Engine/Content/VREditor/TransformGizmo/BoundingBoxCorner.uasset" 397
"../../../Engine/Content/VREditor/TransformGizmo/BoundingBoxCorner.uexp" 398
"../../../Engine/Content/VREditor/TransformGizmo/BoundingBoxEdge.uasset" 399
"../../../Engine/Content/VREditor/TransformGizmo/BoundingBoxEdge.uexp" 400
"../../../Engine/Content/VREditor/TransformGizmo/PlaneTranslationHandle.uasset" 401
"../../../Engine/Content/VREditor/TransformGizmo/PlaneTranslationHandle.uexp" 402
"../../../Engine/Content/VREditor/TransformGizmo/Xray.uasset" 403
"../../../Engine/Content/VREditor/TransformGizmo/Xray.uexp" 404
"../../../Engine/Content/VREditor/TransformGizmo/Main.uasset" 405
"../../../Engine/Content/VREditor/TransformGizmo/Main.uexp" 406
"../../../Engine/Content/VREditor/TransformGizmo/SM_Sequencer_Key.uasset" 407
"../../../Engine/Content/VREditor/TransformGizmo/SM_Sequencer_Key.uexp" 408
"../../../Engine/Content/VREditor/TransformGizmo/SM_Sequencer_Node.uasset" 409
"../../../Engine/Content/VREditor/TransformGizmo/SM_Sequencer_Node.uexp" 410
"../../../Engine/Plugins/2D/Paper2D/Content/PlaceholderTextures/DummySpriteTexture.uasset" 411
"../../../Engine/Plugins/2D/Paper2D/Content/PlaceholderTextures/DummySpriteTexture.uexp" 412
"../../../Engine/Plugins/2D/Paper2D/Content/PlaceholderTextures/DummySpriteTexture.ubulk" 413
"../../../Engine/Plugins/2D/Paper2D/Content/DummySprite.uasset" 414
"../../../Engine/Plugins/2D/Paper2D/Content/DummySprite.uexp" 415
"../../../Engine/Plugins/2D/Paper2D/Content/DefaultPaperTerrainMaterial.uasset" 416
"../../../Engine/Plugins/2D/Paper2D/Content/DefaultPaperTerrainMaterial.uexp" 417
"../../../Engine/Plugins/2D/Paper2D/Content/DefaultSpriteMaterial.uasset" 418
"../../../Engine/Plugins/2D/Paper2D/Content/DefaultSpriteMaterial.uexp" 419
"../../../Engine/Plugins/2D/Paper2D/Content/MaskedUnlitSpriteMaterial.uasset" 420
"../../../Engine/Plugins/2D/Paper2D/Content/MaskedUnlitSpriteMaterial.uexp" 421
"../../../Engine/Plugins/2D/Paper2D/Content/OpaqueUnlitSpriteMaterial.uasset" 422
"../../../Engine/Plugins/2D/Paper2D/Content/OpaqueUnlitSpriteMaterial.uexp" 423
"../../../Engine/Content/Functions/Engine_MaterialFunctions02/Utility/BreakOutFloat3Components.uasset" 424
"../../../Engine/Content/Functions/Engine_MaterialFunctions02/Utility/BreakOutFloat3Components.uexp" 425
"../../../Engine/Plugins/Editor/SpeedTreeImporter/Content/SpeedTree9/UnpackInteger3.uasset" 426
"../../../Engine/Plugins/Editor/SpeedTreeImporter/Content/SpeedTree9/UnpackInteger3.uexp" 427
"../../../Engine/Plugins/Editor/SpeedTreeImporter/Content/SpeedTree9/UnpackDirection.uasset" 428
"../../../Engine/Plugins/Editor/SpeedTreeImporter/Content/SpeedTree9/UnpackDirection.uexp" 429
"../../../Engine/Plugins/Editor/SpeedTreeImporter/Content/SpeedTree9/game_wind_noise.uasset" 430
"../../../Engine/Plugins/Editor/SpeedTreeImporter/Content/SpeedTree9/game_wind_noise.uexp" 431
"../../../Engine/Plugins/Editor/SpeedTreeImporter/Content/SpeedTree9/game_wind_noise.ubulk" 432
"../../../Engine/Content/Functions/Engine_MaterialFunctions02/SafeNormalize.uasset" 433
"../../../Engine/Content/Functions/Engine_MaterialFunctions02/SafeNormalize.uexp" 434
"../../../Engine/Plugins/Editor/SpeedTreeImporter/Content/SpeedTree9/SpeedTreeWindMotion.uasset" 435
"../../../Engine/Plugins/Editor/SpeedTreeImporter/Content/SpeedTree9/SpeedTreeWindMotion.uexp" 436
"../../../Engine/Plugins/Editor/SpeedTreeImporter/Content/SpeedTree9/SpeedTreeBranchMotion.uasset" 437
"../../../Engine/Plugins/Editor/SpeedTreeImporter/Content/SpeedTree9/SpeedTreeBranchMotion.uexp" 438
"../../../Engine/Content/Functions/Engine_MaterialFunctions02/ObjectLocalBounds.uasset" 439
"../../../Engine/Content/Functions/Engine_MaterialFunctions02/ObjectLocalBounds.uexp" 440
"../../../Engine/Content/Functions/Engine_MaterialFunctions02/UVs/BoundingBoxBased_0-1_UVW.uasset" 441
"../../../Engine/Content/Functions/Engine_MaterialFunctions02/UVs/BoundingBoxBased_0-1_UVW.uexp" 442
"../../../Engine/Content/Functions/Engine_MaterialFunctions02/Utility/VectorLength.uasset" 443
"../../../Engine/Content/Functions/Engine_MaterialFunctions02/Utility/VectorLength.uexp" 444
"../../../Engine/Content/Functions/Engine_MaterialFunctions02/WorldPositionOffset/ObjectScale.uasset" 445
"../../../Engine/Content/Functions/Engine_MaterialFunctions02/WorldPositionOffset/ObjectScale.uexp" 446
"../../../Engine/Plugins/Editor/SpeedTreeImporter/Content/SpeedTree9/SpeedTreeWind.uasset" 447
"../../../Engine/Plugins/Editor/SpeedTreeImporter/Content/SpeedTree9/SpeedTreeWind.uexp" 448
"../../../Engine/Plugins/Editor/SpeedTreeImporter/Content/SpeedTree9/SpeedTreeBillboard.uasset" 449
"../../../Engine/Plugins/Editor/SpeedTreeImporter/Content/SpeedTree9/SpeedTreeBillboard.uexp" 450
"../../../Engine/Plugins/Editor/SpeedTreeImporter/Content/SpeedTree9/EmptyNormal.uasset" 451
"../../../Engine/Plugins/Editor/SpeedTreeImporter/Content/SpeedTree9/EmptyNormal.uexp" 452
"../../../Engine/Plugins/Editor/SpeedTreeImporter/Content/SpeedTree9/Empty.uasset" 453
"../../../Engine/Plugins/Editor/SpeedTreeImporter/Content/SpeedTree9/Empty.uexp" 454
"../../../Engine/Plugins/Editor/SpeedTreeImporter/Content/SpeedTree9/SpeedTreeBillboardMaster.uasset" 455
"../../../Engine/Plugins/Editor/SpeedTreeImporter/Content/SpeedTree9/SpeedTreeBillboardMaster.uexp" 456
"../../../Engine/Plugins/Editor/SpeedTreeImporter/Content/SpeedTree9/SpeedTreeCameraFacing.uasset" 457
"../../../Engine/Plugins/Editor/SpeedTreeImporter/Content/SpeedTree9/SpeedTreeCameraFacing.uexp" 458
"../../../Engine/Plugins/Editor/SpeedTreeImporter/Content/SpeedTree9/SpeedTreeMaster.uasset" 459
"../../../Engine/Plugins/Editor/SpeedTreeImporter/Content/SpeedTree9/SpeedTreeMaster.uexp" 460
"../../../Engine/Content/BasicShapes/Cylinder.uasset" 461
"../../../Engine/Content/BasicShapes/Cylinder.uexp" 462
"../../../Engine/Content/ArtTools/RenderToTexture/Materials/Debug/M_Emissive_Color.uasset" 463
"../../../Engine/Content/ArtTools/RenderToTexture/Materials/Debug/M_Emissive_Color.uexp" 464
"../../../Engine/Plugins/Lumin/MagicLeapPassableWorld/Content/MagicLeapARPinInfoActor.uasset" 465
"../../../Engine/Plugins/Lumin/MagicLeapPassableWorld/Content/MagicLeapARPinInfoActor.uexp" 466
"../../../Engine/Plugins/Runtime/OpenXR/Content/Devices/GoogleDaydream/MRTexture.uasset" 467
"../../../Engine/Plugins/Runtime/OpenXR/Content/Devices/GoogleDaydream/MRTexture.uexp" 468
"../../../Engine/Plugins/Runtime/OpenXR/Content/Devices/GoogleDaydream/MRTexture.ubulk" 469
"../../../Engine/Plugins/Runtime/OpenXR/Content/Devices/GoogleDaydream/BaseTexture.uasset" 470
"../../../Engine/Plugins/Runtime/OpenXR/Content/Devices/GoogleDaydream/BaseTexture.uexp" 471
"../../../Engine/Plugins/Runtime/OpenXR/Content/Devices/GoogleDaydream/BaseTexture.ubulk" 472
"../../../Engine/Content/EngineResources/Black.uasset" 473
"../../../Engine/Content/EngineResources/Black.uexp" 474
"../../../Engine/Plugins/Runtime/OpenXR/Content/Devices/M_XRController.uasset" 475
"../../../Engine/Plugins/Runtime/OpenXR/Content/Devices/M_XRController.uexp" 476
"../../../Engine/Plugins/Runtime/OpenXR/Content/Devices/GoogleDaydream/MI_GoogleDaydream.uasset" 477
"../../../Engine/Plugins/Runtime/OpenXR/Content/Devices/GoogleDaydream/MI_GoogleDaydream.uexp" 478
"../../../Engine/Plugins/Runtime/OpenXR/Content/Devices/GoogleDaydream/GoogleDaydreamController.uasset" 479
"../../../Engine/Plugins/Runtime/OpenXR/Content/Devices/GoogleDaydream/GoogleDaydreamController.uexp" 480
"../../../Engine/Plugins/Runtime/OpenXR/Content/Devices/HTCVive/BaseTexture.uasset" 481
"../../../Engine/Plugins/Runtime/OpenXR/Content/Devices/HTCVive/BaseTexture.uexp" 482
"../../../Engine/Plugins/Runtime/OpenXR/Content/Devices/HTCVive/BaseTexture.ubulk" 483
"../../../Engine/Plugins/Runtime/OpenXR/Content/Devices/HTCVive/MI_HTCVive.uasset" 484
"../../../Engine/Plugins/Runtime/OpenXR/Content/Devices/HTCVive/MI_HTCVive.uexp" 485
"../../../Engine/Plugins/Runtime/OpenXR/Content/Devices/HTCVive/HTCViveController.uasset" 486
"../../../Engine/Plugins/Runtime/OpenXR/Content/Devices/HTCVive/HTCViveController.uexp" 487
"../../../Engine/Plugins/Runtime/OpenXR/Content/Devices/MicrosoftMixedReality/NormalTexture.uasset" 488
"../../../Engine/Plugins/Runtime/OpenXR/Content/Devices/MicrosoftMixedReality/NormalTexture.uexp" 489
"../../../Engine/Plugins/Runtime/OpenXR/Content/Devices/MicrosoftMixedReality/NormalTexture.ubulk" 490
"../../../Engine/Plugins/Runtime/OpenXR/Content/Devices/MicrosoftMixedReality/MRTexture.uasset" 491
"../../../Engine/Plugins/Runtime/OpenXR/Content/Devices/MicrosoftMixedReality/MRTexture.uexp" 492
"../../../Engine/Plugins/Runtime/OpenXR/Content/Devices/MicrosoftMixedReality/MRTexture.ubulk" 493
"../../../Engine/Plugins/Runtime/OpenXR/Content/Devices/MicrosoftMixedReality/EmissiveTexture.uasset" 494
"../../../Engine/Plugins/Runtime/OpenXR/Content/Devices/MicrosoftMixedReality/EmissiveTexture.uexp" 495
"../../../Engine/Plugins/Runtime/OpenXR/Content/Devices/MicrosoftMixedReality/EmissiveTexture.ubulk" 496
"../../../Engine/Plugins/Runtime/OpenXR/Content/Devices/MicrosoftMixedReality/BaseTexture.uasset" 497
"../../../Engine/Plugins/Runtime/OpenXR/Content/Devices/MicrosoftMixedReality/BaseTexture.uexp" 498
"../../../Engine/Plugins/Runtime/OpenXR/Content/Devices/MicrosoftMixedReality/BaseTexture.ubulk" 499
"../../../Engine/Plugins/Runtime/OpenXR/Content/Devices/MicrosoftMixedReality/MI_MicrosoftMixedReality.uasset" 500
"../../../Engine/Plugins/Runtime/OpenXR/Content/Devices/MicrosoftMixedReality/MI_MicrosoftMixedReality.uexp" 501
"../../../Engine/Plugins/Runtime/OpenXR/Content/Devices/MicrosoftMixedReality/Left/left_MicrosoftMixedRealityController.uasset" 502
"../../../Engine/Plugins/Runtime/OpenXR/Content/Devices/MicrosoftMixedReality/Left/left_MicrosoftMixedRealityController.uexp" 503
"../../../Engine/Plugins/Runtime/OpenXR/Content/Devices/MicrosoftMixedReality/Right/right_MicrosoftMixedRealityController.uasset" 504
"../../../Engine/Plugins/Runtime/OpenXR/Content/Devices/MicrosoftMixedReality/Right/right_MicrosoftMixedRealityController.uexp" 505
"../../../Engine/Plugins/Runtime/OpenXR/Content/Devices/OculusGo/BaseTexture.uasset" 506
"../../../Engine/Plugins/Runtime/OpenXR/Content/Devices/OculusGo/BaseTexture.uexp" 507
"../../../Engine/Plugins/Runtime/OpenXR/Content/Devices/OculusGo/BaseTexture.ubulk" 508
"../../../Engine/Plugins/Runtime/OpenXR/Content/Devices/OculusGo/MI_OculusGo.uasset" 509
"../../../Engine/Plugins/Runtime/OpenXR/Content/Devices/OculusGo/MI_OculusGo.uexp" 510
"../../../Engine/Plugins/Runtime/OpenXR/Content/Devices/OculusGo/OculusGoController.uasset" 511
"../../../Engine/Plugins/Runtime/OpenXR/Content/Devices/OculusGo/OculusGoController.uexp" 512
"../../../Engine/Plugins/Runtime/OpenXR/Content/Devices/OculusTouch/MRTexture.uasset" 513
"../../../Engine/Plugins/Runtime/OpenXR/Content/Devices/OculusTouch/MRTexture.uexp" 514
"../../../Engine/Plugins/Runtime/OpenXR/Content/Devices/OculusTouch/MRTexture.ubulk" 515
"../../../Engine/Plugins/Runtime/OpenXR/Content/Devices/OculusTouch/BaseTexture.uasset" 516
"../../../Engine/Plugins/Runtime/OpenXR/Content/Devices/OculusTouch/BaseTexture.uexp" 517
"../../../Engine/Plugins/Runtime/OpenXR/Content/Devices/OculusTouch/BaseTexture.ubulk" 518
"../../../Engine/Plugins/Runtime/OpenXR/Content/Devices/OculusTouch/MI_OculusTouch.uasset" 519
"../../../Engine/Plugins/Runtime/OpenXR/Content/Devices/OculusTouch/MI_OculusTouch.uexp" 520
"../../../Engine/Plugins/Runtime/OpenXR/Content/Devices/OculusTouch/Left/left_OculusTouchController.uasset" 521
"../../../Engine/Plugins/Runtime/OpenXR/Content/Devices/OculusTouch/Left/left_OculusTouchController.uexp" 522
"../../../Engine/Plugins/Runtime/OpenXR/Content/Devices/OculusTouch/Right/right_OculusTouchController.uasset" 523
"../../../Engine/Plugins/Runtime/OpenXR/Content/Devices/OculusTouch/Right/right_OculusTouchController.uexp" 524
"../../../Engine/Plugins/Runtime/OpenXR/Content/Devices/OculusTouch_v2/MRTexture.uasset" 525
"../../../Engine/Plugins/Runtime/OpenXR/Content/Devices/OculusTouch_v2/MRTexture.uexp" 526
"../../../Engine/Plugins/Runtime/OpenXR/Content/Devices/OculusTouch_v2/MRTexture.ubulk" 527
"../../../Engine/Plugins/Runtime/OpenXR/Content/Devices/OculusTouch_v2/BaseTexture.uasset" 528
"../../../Engine/Plugins/Runtime/OpenXR/Content/Devices/OculusTouch_v2/BaseTexture.uexp" 529
"../../../Engine/Plugins/Runtime/OpenXR/Content/Devices/OculusTouch_v2/BaseTexture.ubulk" 530
"../../../Engine/Plugins/Runtime/OpenXR/Content/Devices/OculusTouch_v2/MI_OculusTouch_v2.uasset" 531
"../../../Engine/Plugins/Runtime/OpenXR/Content/Devices/OculusTouch_v2/MI_OculusTouch_v2.uexp" 532
"../../../Engine/Plugins/Runtime/OpenXR/Content/Devices/OculusTouch_v2/Left/left_OculusTouch_v2Controller.uasset" 533
"../../../Engine/Plugins/Runtime/OpenXR/Content/Devices/OculusTouch_v2/Left/left_OculusTouch_v2Controller.uexp" 534
"../../../Engine/Plugins/Runtime/OpenXR/Content/Devices/OculusTouch_v2/Right/right_OculusTouch_v2Controller.uasset" 535
"../../../Engine/Plugins/Runtime/OpenXR/Content/Devices/OculusTouch_v2/Right/right_OculusTouch_v2Controller.uexp" 536
"../../../Engine/Plugins/Runtime/OpenXR/Content/Devices/OculusTouch_v3/MRTexture.uasset" 537
"../../../Engine/Plugins/Runtime/OpenXR/Content/Devices/OculusTouch_v3/MRTexture.uexp" 538
"../../../Engine/Plugins/Runtime/OpenXR/Content/Devices/OculusTouch_v3/MRTexture.ubulk" 539
"../../../Engine/Plugins/Runtime/OpenXR/Content/Devices/OculusTouch_v3/BaseTexture.uasset" 540
"../../../Engine/Plugins/Runtime/OpenXR/Content/Devices/OculusTouch_v3/BaseTexture.uexp" 541
"../../../Engine/Plugins/Runtime/OpenXR/Content/Devices/OculusTouch_v3/BaseTexture.ubulk" 542
"../../../Engine/Plugins/Runtime/OpenXR/Content/Devices/OculusTouch_v3/MI_OculusTouch_v3.uasset" 543
"../../../Engine/Plugins/Runtime/OpenXR/Content/Devices/OculusTouch_v3/MI_OculusTouch_v3.uexp" 544
"../../../Engine/Plugins/Runtime/OpenXR/Content/Devices/OculusTouch_v3/Left/left_OculusTouch_v3Controller.uasset" 545
"../../../Engine/Plugins/Runtime/OpenXR/Content/Devices/OculusTouch_v3/Left/left_OculusTouch_v3Controller.uexp" 546
"../../../Engine/Plugins/Runtime/OpenXR/Content/Devices/OculusTouch_v3/Right/right_OculusTouch_v3Controller.uasset" 547
"../../../Engine/Plugins/Runtime/OpenXR/Content/Devices/OculusTouch_v3/Right/right_OculusTouch_v3Controller.uexp" 548
"../../../Engine/Plugins/Runtime/OpenXR/Content/Devices/ValveIndex/MRTexture.uasset" 549
"../../../Engine/Plugins/Runtime/OpenXR/Content/Devices/ValveIndex/MRTexture.uexp" 550
"../../../Engine/Plugins/Runtime/OpenXR/Content/Devices/ValveIndex/MRTexture.ubulk" 551
"../../../Engine/Plugins/Runtime/OpenXR/Content/Devices/ValveIndex/BaseTexture.uasset" 552
"../../../Engine/Plugins/Runtime/OpenXR/Content/Devices/ValveIndex/BaseTexture.uexp" 553
"../../../Engine/Plugins/Runtime/OpenXR/Content/Devices/ValveIndex/BaseTexture.ubulk" 554
"../../../Engine/Plugins/Runtime/OpenXR/Content/Devices/ValveIndex/Left/MI_left_ValveIndex.uasset" 555
"../../../Engine/Plugins/Runtime/OpenXR/Content/Devices/ValveIndex/Left/MI_left_ValveIndex.uexp" 556
"../../../Engine/Plugins/Runtime/OpenXR/Content/Devices/ValveIndex/Left/left_ValveIndexController.uasset" 557
"../../../Engine/Plugins/Runtime/OpenXR/Content/Devices/ValveIndex/Left/left_ValveIndexController.uexp" 558
"../../../Engine/Plugins/Runtime/OpenXR/Content/Devices/ValveIndex/Right/MI_right_ValveIndex.uasset" 559
"../../../Engine/Plugins/Runtime/OpenXR/Content/Devices/ValveIndex/Right/MI_right_ValveIndex.uexp" 560
"../../../Engine/Plugins/Runtime/OpenXR/Content/Devices/ValveIndex/Right/right_ValveIndexController.uasset" 561
"../../../Engine/Plugins/Runtime/OpenXR/Content/Devices/ValveIndex/Right/right_ValveIndexController.uexp" 562
"../../../Engine/Content/Functions/Engine_MaterialFunctions02/Utility/BreakOutFloat4Components.uasset" 563
"../../../Engine/Content/Functions/Engine_MaterialFunctions02/Utility/BreakOutFloat4Components.uexp" 564
"../../../Engine/Content/Functions/Engine_MaterialFunctions02/Utility/MakeFloat3.uasset" 565
"../../../Engine/Content/Functions/Engine_MaterialFunctions02/Utility/MakeFloat3.uexp" 566
"../../../Engine/Plugins/Runtime/Oculus/OculusVR/Content/Materials/OculusMR_ChromaKey.uasset" 567
"../../../Engine/Plugins/Runtime/Oculus/OculusVR/Content/Materials/OculusMR_ChromaKey.uexp" 568
"../../../Engine/Plugins/Runtime/Oculus/OculusVR/Content/Materials/OculusMR_OpaqueColoredMaterial.uasset" 569
"../../../Engine/Plugins/Runtime/Oculus/OculusVR/Content/Materials/OculusMR_OpaqueColoredMaterial.uexp" 570
"../../../Engine/Plugins/Runtime/Oculus/OculusVR/Content/Materials/PokeAHoleMaterial.uasset" 571
"../../../Engine/Plugins/Runtime/Oculus/OculusVR/Content/Materials/PokeAHoleMaterial.uexp" 572
"../../../Engine/Plugins/Runtime/Oculus/OculusVR/Content/Textures/touchController_controlmap.uasset" 573
"../../../Engine/Plugins/Runtime/Oculus/OculusVR/Content/Textures/touchController_controlmap.uexp" 574
"../../../Engine/Plugins/Runtime/Oculus/OculusVR/Content/Textures/touchController_controlmap.ubulk" 575
"../../../Engine/Plugins/Runtime/Oculus/OculusVR/Content/Textures/touchController_albedo.uasset" 576
"../../../Engine/Plugins/Runtime/Oculus/OculusVR/Content/Textures/touchController_albedo.uexp" 577
"../../../Engine/Plugins/Runtime/Oculus/OculusVR/Content/Textures/touchController_albedo.ubulk" 578
"../../../Engine/Plugins/Runtime/Oculus/OculusVR/Content/Materials/touchController_mat.uasset" 579
"../../../Engine/Plugins/Runtime/Oculus/OculusVR/Content/Materials/touchController_mat.uexp" 580
"../../../Engine/Plugins/Runtime/Oculus/OculusVR/Content/Meshes/LeftTouchController.uasset" 581
"../../../Engine/Plugins/Runtime/Oculus/OculusVR/Content/Meshes/LeftTouchController.uexp" 582
"../../../Engine/Plugins/Runtime/Oculus/OculusVR/Content/Textures/TouchForQuestRiftSController_albedo.uasset" 583
"../../../Engine/Plugins/Runtime/Oculus/OculusVR/Content/Textures/TouchForQuestRiftSController_albedo.uexp" 584
"../../../Engine/Plugins/Runtime/Oculus/OculusVR/Content/Textures/TouchForQuestRiftSController_albedo.ubulk" 585
"../../../Engine/Plugins/Runtime/Oculus/OculusVR/Content/Materials/TouchForQuestRiftSControllerMaterial.uasset" 586
"../../../Engine/Plugins/Runtime/Oculus/OculusVR/Content/Materials/TouchForQuestRiftSControllerMaterial.uexp" 587
"../../../Engine/Plugins/Runtime/Oculus/OculusVR/Content/Meshes/LeftTouchForQuestRiftSController.uasset" 588
"../../../Engine/Plugins/Runtime/Oculus/OculusVR/Content/Meshes/LeftTouchForQuestRiftSController.uexp" 589
"../../../Engine/Plugins/Runtime/Oculus/OculusVR/Content/Meshes/RiftHMD.uasset" 590
"../../../Engine/Plugins/Runtime/Oculus/OculusVR/Content/Meshes/RiftHMD.uexp" 591
"../../../Engine/Plugins/Runtime/Oculus/OculusVR/Content/Meshes/RightTouchController.uasset" 592
"../../../Engine/Plugins/Runtime/Oculus/OculusVR/Content/Meshes/RightTouchController.uexp" 593
"../../../Engine/Plugins/Runtime/Oculus/OculusVR/Content/Meshes/RightTouchForQuestRiftSController.uasset" 594
"../../../Engine/Plugins/Runtime/Oculus/OculusVR/Content/Meshes/RightTouchForQuestRiftSController.uexp" 595
"../../../Engine/Content/EngineSky/T_Sky_Stars.uasset" 596
"../../../Engine/Content/EngineSky/T_Sky_Stars.uexp" 597
"../../../Engine/Content/EngineSky/T_Sky_Stars.ubulk" 598
"../../../Engine/Content/EngineSky/T_Sky_Clouds_M.uasset" 599
"../../../Engine/Content/EngineSky/T_Sky_Clouds_M.uexp" 600
"../../../Engine/Content/EngineSky/T_Sky_Clouds_M.ubulk" 601
"../../../Engine/Content/EngineSky/T_Sky_Blue.uasset" 602
"../../../Engine/Content/EngineSky/T_Sky_Blue.uexp" 603
"../../../Engine/Content/EngineSky/T_Sky_Blue.ubulk" 604
"../../../Engine/Content/EngineMaterials/WeightMapPlaceholderTexture.uasset" 605
"../../../Engine/Content/EngineMaterials/WeightMapPlaceholderTexture.uexp" 606
"../../../Engine/Content/EngineSky/M_Sky_Panning_Clouds2.uasset" 607
"../../../Engine/Content/EngineSky/M_Sky_Panning_Clouds2.uexp" 608
"C:/Users/brian/OneDrive/Unreal/ProgrammingTest/DigitalMindSoft/Content/VehicleAdvCPP/Maps/VehicleAdvExampleMap_BuiltData.uasset" 609
"C:/Users/brian/OneDrive/Unreal/ProgrammingTest/DigitalMindSoft/Content/VehicleAdvCPP/Maps/VehicleAdvExampleMap_BuiltData.uexp" 610
"C:/Users/brian/OneDrive/Unreal/ProgrammingTest/DigitalMindSoft/Content/VehicleAdvCPP/Maps/VehicleAdvExampleMap_BuiltData.ubulk" 611
"C:/Users/brian/OneDrive/Unreal/ProgrammingTest/DigitalMindSoft/Content/VehicleAdvCPP/Maps/LayerInfo/Track_LayerInfo.uasset" 612
"C:/Users/brian/OneDrive/Unreal/ProgrammingTest/DigitalMindSoft/Content/VehicleAdvCPP/Maps/LayerInfo/Track_LayerInfo.uexp" 613
"C:/Users/brian/OneDrive/Unreal/ProgrammingTest/DigitalMindSoft/Content/VehicleAdvCPP/Maps/LayerInfo/Desert_LayerInfo.uasset" 614
"C:/Users/brian/OneDrive/Unreal/ProgrammingTest/DigitalMindSoft/Content/VehicleAdvCPP/Maps/LayerInfo/Desert_LayerInfo.uexp" 615
"../../../Engine/Content/EngineSky/SM_SkySphere.uasset" 616
"../../../Engine/Content/EngineSky/SM_SkySphere.uexp" 617
"../../../Engine/Content/EngineSky/C_Sky_Zenith_Color.uasset" 618
"../../../Engine/Content/EngineSky/C_Sky_Zenith_Color.uexp" 619
"../../../Engine/Content/EngineSky/C_Sky_Horizon_Color.uasset" 620
"../../../Engine/Content/EngineSky/C_Sky_Horizon_Color.uexp" 621
"../../../Engine/Content/EngineSky/C_Sky_Cloud_Color.uasset" 622
"../../../Engine/Content/EngineSky/C_Sky_Cloud_Color.uexp" 623
"../../../Engine/Content/EditorBlueprintResources/StandardMacros.uasset" 624
"../../../Engine/Content/EditorBlueprintResources/StandardMacros.uexp" 625
"../../../Engine/Content/EngineSky/BP_Sky_Sphere.uasset" 626
"../../../Engine/Content/EngineSky/BP_Sky_Sphere.uexp" 627
"C:/Users/brian/OneDrive/Unreal/ProgrammingTest/DigitalMindSoft/Content/VehicleAdv/Materials/Landscape.uasset" 628
"C:/Users/brian/OneDrive/Unreal/ProgrammingTest/DigitalMindSoft/Content/VehicleAdv/Materials/Landscape.uexp" 629
"C:/Users/brian/OneDrive/Unreal/ProgrammingTest/DigitalMindSoft/Content/VehicleAdv/Materials/MaterialInstances/LandscapeNoHole.uasset" 630
"C:/Users/brian/OneDrive/Unreal/ProgrammingTest/DigitalMindSoft/Content/VehicleAdv/Materials/MaterialInstances/LandscapeNoHole.uexp" 631
"C:/Users/brian/OneDrive/Unreal/ProgrammingTest/DigitalMindSoft/Content/VehicleAdv/Materials/MaterialInstances/BlackGrid.uasset" 632
"C:/Users/brian/OneDrive/Unreal/ProgrammingTest/DigitalMindSoft/Content/VehicleAdv/Materials/MaterialInstances/BlackGrid.uexp" 633
"C:/Users/brian/OneDrive/Unreal/ProgrammingTest/DigitalMindSoft/Content/VehicleAdv/ArenaMesh/Turn_90Large.uasset" 634
"C:/Users/brian/OneDrive/Unreal/ProgrammingTest/DigitalMindSoft/Content/VehicleAdv/ArenaMesh/Turn_90Large.uexp" 635
"C:/Users/brian/OneDrive/Unreal/ProgrammingTest/DigitalMindSoft/Content/VehicleAdv/Materials/MaterialInstances/SolidRed.uasset" 636
"C:/Users/brian/OneDrive/Unreal/ProgrammingTest/DigitalMindSoft/Content/VehicleAdv/Materials/MaterialInstances/SolidRed.uexp" 637
"C:/Users/brian/OneDrive/Unreal/ProgrammingTest/DigitalMindSoft/Content/VehicleAdv/ArenaMesh/Turn_90.uasset" 638
"C:/Users/brian/OneDrive/Unreal/ProgrammingTest/DigitalMindSoft/Content/VehicleAdv/ArenaMesh/Turn_90.uexp" 639
"C:/Users/brian/OneDrive/Unreal/ProgrammingTest/DigitalMindSoft/Content/VehicleAdv/ArenaMesh/Turn_45.uasset" 640
"C:/Users/brian/OneDrive/Unreal/ProgrammingTest/DigitalMindSoft/Content/VehicleAdv/ArenaMesh/Turn_45.uexp" 641
"C:/Users/brian/OneDrive/Unreal/ProgrammingTest/DigitalMindSoft/Content/VehicleAdv/ArenaMesh/turn_22andhalf.uasset" 642
"C:/Users/brian/OneDrive/Unreal/ProgrammingTest/DigitalMindSoft/Content/VehicleAdv/ArenaMesh/turn_22andhalf.uexp" 643
"C:/Users/brian/OneDrive/Unreal/ProgrammingTest/DigitalMindSoft/Content/VehicleAdv/ArenaMesh/StraightQuarter.uasset" 644
"C:/Users/brian/OneDrive/Unreal/ProgrammingTest/DigitalMindSoft/Content/VehicleAdv/ArenaMesh/StraightQuarter.uexp" 645
"C:/Users/brian/OneDrive/Unreal/ProgrammingTest/DigitalMindSoft/Content/VehicleAdv/ArenaMesh/StraightHalf.uasset" 646
"C:/Users/brian/OneDrive/Unreal/ProgrammingTest/DigitalMindSoft/Content/VehicleAdv/ArenaMesh/StraightHalf.uexp" 647
"C:/Users/brian/OneDrive/Unreal/ProgrammingTest/DigitalMindSoft/Content/VehicleAdv/ArenaMesh/StraightFull.uasset" 648
"C:/Users/brian/OneDrive/Unreal/ProgrammingTest/DigitalMindSoft/Content/VehicleAdv/ArenaMesh/StraightFull.uexp" 649
"C:/Users/brian/OneDrive/Unreal/ProgrammingTest/DigitalMindSoft/Content/VehicleAdv/ArenaMesh/RampLarge.uasset" 650
"C:/Users/brian/OneDrive/Unreal/ProgrammingTest/DigitalMindSoft/Content/VehicleAdv/ArenaMesh/RampLarge.uexp" 651
"C:/Users/brian/OneDrive/Unreal/ProgrammingTest/DigitalMindSoft/Content/VehicleAdv/ArenaMesh/LoopSmall.uasset" 652
"C:/Users/brian/OneDrive/Unreal/ProgrammingTest/DigitalMindSoft/Content/VehicleAdv/ArenaMesh/LoopSmall.uexp" 653
"C:/Users/brian/OneDrive/Unreal/ProgrammingTest/DigitalMindSoft/Content/VehicleAdv/ArenaMesh/LoopBig.uasset" 654
"C:/Users/brian/OneDrive/Unreal/ProgrammingTest/DigitalMindSoft/Content/VehicleAdv/ArenaMesh/LoopBig.uexp" 655
"C:/Users/brian/OneDrive/Unreal/ProgrammingTest/DigitalMindSoft/Content/VehicleAdv/ArenaMesh/BumpWedge.uasset" 656
"C:/Users/brian/OneDrive/Unreal/ProgrammingTest/DigitalMindSoft/Content/VehicleAdv/ArenaMesh/BumpWedge.uexp" 657
"C:/Users/brian/OneDrive/Unreal/ProgrammingTest/DigitalMindSoft/Content/VehicleAdv/ArenaMesh/BumpWaveSmall.uasset" 658
"C:/Users/brian/OneDrive/Unreal/ProgrammingTest/DigitalMindSoft/Content/VehicleAdv/ArenaMesh/BumpWaveSmall.uexp" 659
"C:/Users/brian/OneDrive/Unreal/ProgrammingTest/DigitalMindSoft/Content/VehicleAdv/ArenaMesh/BumpWave.uasset" 660
"C:/Users/brian/OneDrive/Unreal/ProgrammingTest/DigitalMindSoft/Content/VehicleAdv/ArenaMesh/BumpWave.uexp" 661
"C:/Users/brian/OneDrive/Unreal/ProgrammingTest/DigitalMindSoft/Content/VehicleAdvCPP/Maps/VehicleAdvExampleMap.uexp" 662
"C:/Users/brian/OneDrive/Unreal/ProgrammingTest/DigitalMindSoft/Content/VehicleAdvCPP/Maps/VehicleAdvExampleMap.ubulk" 663
"C:/Users/brian/OneDrive/Unreal/ProgrammingTest/DigitalMindSoft/Content/VehicleAdvCPP/Maps/VehicleAdvExampleMap.umap" 664
"../../../Engine/Content/Maps/Entry_BuiltData.uasset" 665
"../../../Engine/Content/Maps/Entry_BuiltData.uexp" 666
"../../../Engine/Content/Maps/Entry.uexp" 667
"../../../Engine/Content/Maps/Entry.umap" 668
